<?xml version="1.0" encoding="UTF-8"?>
<testng-results skipped="0" failed="0" total="1" passed="1">
  <reporter-output>
  </reporter-output>
  <suite name="Suite" duration-ms="488" started-at="2020-04-21T10:35:03Z" finished-at="2020-04-21T10:35:03Z">
    <groups>
      <group name="cucumber">
        <method signature="AbstractTestNGCucumberTests.feature(cucumber.api.testng.CucumberFeatureWrapper)[pri:0, instance:Runner.TestRunner@3d9750]" name="feature" class="cucumber.api.testng.AbstractTestNGCucumberTests"/>
      </group> <!-- cucumber -->
    </groups>
    <test name="Test" duration-ms="488" started-at="2020-04-21T10:35:03Z" finished-at="2020-04-21T10:35:03Z">
      <class name="Runner.TestRunner">
        <test-method status="PASS" signature="setUpClass()[pri:0, instance:Runner.TestRunner@3d9750]" name="setUpClass" is-config="true" duration-ms="271" started-at="2020-04-21T16:05:03Z" finished-at="2020-04-21T16:05:03Z">
          <reporter-output>
          </reporter-output>
        </test-method> <!-- setUpClass -->
        <test-method status="PASS" signature="feature(cucumber.api.testng.CucumberFeatureWrapper)[pri:0, instance:Runner.TestRunner@3d9750]" name="feature" duration-ms="125" started-at="2020-04-21T16:05:03Z" description="Runs Cucumber Feature" data-provider="features" finished-at="2020-04-21T16:05:03Z">
          <params>
            <param index="0">
              <value>
                <![CDATA[Application login]]>
              </value>
            </param>
          </params>
          <reporter-output>
          </reporter-output>
        </test-method> <!-- feature -->
        <test-method status="PASS" signature="tearDownClass()[pri:0, instance:Runner.TestRunner@3d9750]" name="tearDownClass" is-config="true" duration-ms="4" started-at="2020-04-21T16:05:03Z" finished-at="2020-04-21T16:05:03Z">
          <reporter-output>
          </reporter-output>
        </test-method> <!-- tearDownClass -->
      </class> <!-- Runner.TestRunner -->
    </test> <!-- Test -->
  </suite> <!-- Suite -->
</testng-results>
